{"/home/j/Documentos/GitHub/Projeto_mini_E-Commerce/loja-de-jogos/src/App.tsx": {"path":"/home/j/Documentos/GitHub/Projeto_mini_E-Commerce/loja-de-jogos/src/App.tsx","statementMap":{"0":{"start":{"line":13,"column":2},"end":{"line":48,"column":4}}},"fnMap":{"0":{"name":"App","decl":{"start":{"line":12,"column":16},"end":{"line":12,"column":19}},"loc":{"start":{"line":12,"column":22},"end":{"line":49,"column":1}},"line":12}},"branchMap":{},"s":{"0":3},"f":{"0":3},"b":{},"_coverageSchema":"1a1c01bbd47fc00a2c39e90264f33305004495a9","hash":"c124cd6287c30ba0de7ef2a076bf5eb05e84b324"}
,"/home/j/Documentos/GitHub/Projeto_mini_E-Commerce/loja-de-jogos/src/hook/CartContext.tsx": {"path":"/home/j/Documentos/GitHub/Projeto_mini_E-Commerce/loja-de-jogos/src/hook/CartContext.tsx","statementMap":{"0":{"start":{"line":29,"column":27},"end":{"line":29,"column":80}},"1":{"start":{"line":33,"column":28},"end":{"line":33,"column":51}},"2":{"start":{"line":34,"column":38},"end":{"line":34,"column":49}},"3":{"start":{"line":35,"column":30},"end":{"line":35,"column":41}},"4":{"start":{"line":36,"column":30},"end":{"line":36,"column":41}},"5":{"start":{"line":37,"column":36},"end":{"line":37,"column":47}},"6":{"start":{"line":39,"column":4},"end":{"line":41,"column":14}},"7":{"start":{"line":40,"column":8},"end":{"line":40,"column":21}},"8":{"start":{"line":45,"column":22},"end":{"line":45,"column":26}},"9":{"start":{"line":46,"column":23},"end":{"line":46,"column":24}},"10":{"start":{"line":47,"column":20},"end":{"line":47,"column":34}},"11":{"start":{"line":48,"column":8},"end":{"line":53,"column":10}},"12":{"start":{"line":49,"column":12},"end":{"line":49,"column":34}},"13":{"start":{"line":50,"column":12},"end":{"line":52,"column":13}},"14":{"start":{"line":51,"column":16},"end":{"line":51,"column":26}},"15":{"start":{"line":54,"column":22},"end":{"line":54,"column":38}},"16":{"start":{"line":56,"column":8},"end":{"line":56,"column":24}},"17":{"start":{"line":57,"column":8},"end":{"line":57,"column":30}},"18":{"start":{"line":58,"column":8},"end":{"line":58,"column":24}},"19":{"start":{"line":62,"column":8},"end":{"line":62,"column":36}},"20":{"start":{"line":63,"column":8},"end":{"line":63,"column":36}},"21":{"start":{"line":64,"column":8},"end":{"line":64,"column":49}},"22":{"start":{"line":68,"column":22},"end":{"line":68,"column":26}},"23":{"start":{"line":69,"column":35},"end":{"line":69,"column":37}},"24":{"start":{"line":71,"column":8},"end":{"line":76,"column":10}},"25":{"start":{"line":72,"column":12},"end":{"line":75,"column":13}},"26":{"start":{"line":74,"column":16},"end":{"line":74,"column":37}},"27":{"start":{"line":78,"column":8},"end":{"line":78,"column":36}},"28":{"start":{"line":79,"column":8},"end":{"line":79,"column":32}},"29":{"start":{"line":82,"column":4},"end":{"line":84,"column":27}},"30":{"start":{"line":89,"column":20},"end":{"line":89,"column":43}},"31":{"start":{"line":91,"column":4},"end":{"line":91,"column":19}}},"fnMap":{"0":{"name":"CartContextData","decl":{"start":{"line":31,"column":16},"end":{"line":31,"column":31}},"loc":{"start":{"line":31,"column":68},"end":{"line":85,"column":1}},"line":31},"1":{"name":"(anonymous_1)","decl":{"start":{"line":39,"column":14},"end":{"line":39,"column":15}},"loc":{"start":{"line":39,"column":20},"end":{"line":41,"column":5}},"line":39},"2":{"name":"calcAmount","decl":{"start":{"line":43,"column":13},"end":{"line":43,"column":23}},"loc":{"start":{"line":43,"column":26},"end":{"line":59,"column":5}},"line":43},"3":{"name":"(anonymous_3)","decl":{"start":{"line":48,"column":24},"end":{"line":48,"column":25}},"loc":{"start":{"line":48,"column":34},"end":{"line":53,"column":9}},"line":48},"4":{"name":"addProduct","decl":{"start":{"line":61,"column":13},"end":{"line":61,"column":23}},"loc":{"start":{"line":61,"column":42},"end":{"line":65,"column":5}},"line":61},"5":{"name":"removeProduct","decl":{"start":{"line":67,"column":13},"end":{"line":67,"column":26}},"loc":{"start":{"line":67,"column":46},"end":{"line":80,"column":5}},"line":67},"6":{"name":"(anonymous_6)","decl":{"start":{"line":71,"column":20},"end":{"line":71,"column":21}},"loc":{"start":{"line":71,"column":37},"end":{"line":76,"column":9}},"line":71},"7":{"name":"useCart","decl":{"start":{"line":88,"column":16},"end":{"line":88,"column":23}},"loc":{"start":{"line":88,"column":26},"end":{"line":92,"column":1}},"line":88}},"branchMap":{"0":{"loc":{"start":{"line":50,"column":12},"end":{"line":52,"column":13}},"type":"if","locations":[{"start":{"line":50,"column":12},"end":{"line":52,"column":13}},{"start":{},"end":{}}],"line":50},"1":{"loc":{"start":{"line":72,"column":12},"end":{"line":75,"column":13}},"type":"if","locations":[{"start":{"line":72,"column":12},"end":{"line":75,"column":13}},{"start":{},"end":{}}],"line":72}},"s":{"0":4,"1":7,"2":7,"3":7,"4":7,"5":7,"6":7,"7":5,"8":5,"9":5,"10":5,"11":5,"12":2,"13":2,"14":0,"15":5,"16":5,"17":5,"18":5,"19":2,"20":2,"21":2,"22":0,"23":0,"24":0,"25":0,"26":0,"27":0,"28":0,"29":7,"30":61,"31":61},"f":{"0":7,"1":5,"2":5,"3":2,"4":2,"5":0,"6":0,"7":61},"b":{"0":[0,2],"1":[0,0]},"_coverageSchema":"1a1c01bbd47fc00a2c39e90264f33305004495a9","hash":"3e95fb442e88c797a0b7f5f852625c482aa61cba"}
,"/home/j/Documentos/GitHub/Projeto_mini_E-Commerce/loja-de-jogos/src/pages/CartPage/index.tsx": {"path":"/home/j/Documentos/GitHub/Projeto_mini_E-Commerce/loja-de-jogos/src/pages/CartPage/index.tsx","statementMap":{"0":{"start":{"line":9,"column":21},"end":{"line":9,"column":30}},"1":{"start":{"line":10,"column":4},"end":{"line":10,"column":22}},"2":{"start":{"line":12,"column":4},"end":{"line":37,"column":6}},"3":{"start":{"line":30,"column":24},"end":{"line":30,"column":79}}},"fnMap":{"0":{"name":"CartPage","decl":{"start":{"line":7,"column":16},"end":{"line":7,"column":24}},"loc":{"start":{"line":7,"column":27},"end":{"line":38,"column":1}},"line":7},"1":{"name":"(anonymous_1)","decl":{"start":{"line":29,"column":29},"end":{"line":29,"column":30}},"loc":{"start":{"line":29,"column":46},"end":{"line":31,"column":21}},"line":29}},"branchMap":{},"s":{"0":3,"1":3,"2":3,"3":8},"f":{"0":3,"1":8},"b":{},"_coverageSchema":"1a1c01bbd47fc00a2c39e90264f33305004495a9","hash":"b0b38202949285d891531fac8c05b211e30067c5"}
,"/home/j/Documentos/GitHub/Projeto_mini_E-Commerce/loja-de-jogos/src/pages/Home/Home.tsx": {"path":"/home/j/Documentos/GitHub/Projeto_mini_E-Commerce/loja-de-jogos/src/pages/Home/Home.tsx","statementMap":{"0":{"start":{"line":6,"column":4},"end":{"line":14,"column":6}}},"fnMap":{"0":{"name":"Home","decl":{"start":{"line":4,"column":16},"end":{"line":4,"column":20}},"loc":{"start":{"line":4,"column":23},"end":{"line":15,"column":1}},"line":4}},"branchMap":{},"s":{"0":3},"f":{"0":3},"b":{},"_coverageSchema":"1a1c01bbd47fc00a2c39e90264f33305004495a9","hash":"ae06cd49dd1aa616a33a62c550c8f8d88cb7b243"}
,"/home/j/Documentos/GitHub/Projeto_mini_E-Commerce/loja-de-jogos/src/pages/ProductPage/index.tsx": {"path":"/home/j/Documentos/GitHub/Projeto_mini_E-Commerce/loja-de-jogos/src/pages/ProductPage/index.tsx","statementMap":{"0":{"start":{"line":20,"column":19},"end":{"line":20,"column":45}},"1":{"start":{"line":21,"column":34},"end":{"line":21,"column":58}},"2":{"start":{"line":22,"column":18},"end":{"line":22,"column":30}},"3":{"start":{"line":23,"column":27},"end":{"line":23,"column":36}},"4":{"start":{"line":24,"column":16},"end":{"line":24,"column":18}},"5":{"start":{"line":26,"column":4},"end":{"line":33,"column":11}},"6":{"start":{"line":27,"column":8},"end":{"line":31,"column":14}},"7":{"start":{"line":28,"column":25},"end":{"line":28,"column":45}},"8":{"start":{"line":30,"column":16},"end":{"line":30,"column":37}},"9":{"start":{"line":36,"column":8},"end":{"line":36,"column":28}},"10":{"start":{"line":39,"column":4},"end":{"line":42,"column":5}},"11":{"start":{"line":40,"column":8},"end":{"line":40,"column":66}},"12":{"start":{"line":44,"column":4},"end":{"line":53,"column":6}}},"fnMap":{"0":{"name":"ProductPage","decl":{"start":{"line":19,"column":16},"end":{"line":19,"column":27}},"loc":{"start":{"line":19,"column":30},"end":{"line":55,"column":1}},"line":19},"1":{"name":"(anonymous_1)","decl":{"start":{"line":26,"column":20},"end":{"line":26,"column":21}},"loc":{"start":{"line":26,"column":26},"end":{"line":33,"column":5}},"line":26},"2":{"name":"(anonymous_2)","decl":{"start":{"line":28,"column":18},"end":{"line":28,"column":19}},"loc":{"start":{"line":28,"column":25},"end":{"line":28,"column":45}},"line":28},"3":{"name":"(anonymous_3)","decl":{"start":{"line":29,"column":19},"end":{"line":29,"column":20}},"loc":{"start":{"line":29,"column":25},"end":{"line":31,"column":13}},"line":29},"4":{"name":"handleaddProduct","decl":{"start":{"line":35,"column":13},"end":{"line":35,"column":29}},"loc":{"start":{"line":35,"column":32},"end":{"line":37,"column":5}},"line":35}},"branchMap":{"0":{"loc":{"start":{"line":39,"column":4},"end":{"line":42,"column":5}},"type":"if","locations":[{"start":{"line":39,"column":4},"end":{"line":42,"column":5}},{"start":{},"end":{}}],"line":39}},"s":{"0":1,"1":1,"2":1,"3":1,"4":1,"5":1,"6":1,"7":0,"8":0,"9":1,"10":1,"11":0,"12":1},"f":{"0":1,"1":1,"2":0,"3":0,"4":1},"b":{"0":[0,1]},"_coverageSchema":"1a1c01bbd47fc00a2c39e90264f33305004495a9","hash":"1b95f1dab0d6d9fb9361f76e65014e0443bee57e"}
,"/home/j/Documentos/GitHub/Projeto_mini_E-Commerce/loja-de-jogos/src/services/api/api.ts": {"path":"/home/j/Documentos/GitHub/Projeto_mini_E-Commerce/loja-de-jogos/src/services/api/api.ts","statementMap":{"0":{"start":{"line":3,"column":19},"end":{"line":5,"column":2}}},"fnMap":{},"branchMap":{},"s":{"0":3},"f":{},"b":{},"_coverageSchema":"1a1c01bbd47fc00a2c39e90264f33305004495a9","hash":"16b6c262a961fdc611896053feef2959dd881de2"}
}
