TN:
SF:src/App.tsx
FN:12,App
FNF:1
FNH:1
FNDA:3,App
DA:13,3
LF:1
LH:1
BRF:0
BRH:0
end_of_record
TN:
SF:src/hook/CartContext.tsx
FN:31,CartContextData
FN:39,(anonymous_1)
FN:43,calcAmount
FN:48,(anonymous_3)
FN:61,addProduct
FN:67,removeProduct
FN:71,(anonymous_6)
FN:88,useCart
FNF:8
FNH:6
FNDA:7,CartContextData
FNDA:5,(anonymous_1)
FNDA:5,calcAmount
FNDA:2,(anonymous_3)
FNDA:2,addProduct
FNDA:0,removeProduct
FNDA:0,(anonymous_6)
FNDA:61,useCart
DA:29,4
DA:33,7
DA:34,7
DA:35,7
DA:36,7
DA:37,7
DA:39,7
DA:40,5
DA:45,5
DA:46,5
DA:47,5
DA:48,5
DA:49,2
DA:50,2
DA:51,0
DA:54,5
DA:56,5
DA:57,5
DA:58,5
DA:62,2
DA:63,2
DA:64,2
DA:68,0
DA:69,0
DA:71,0
DA:72,0
DA:74,0
DA:78,0
DA:79,0
DA:82,7
DA:89,61
DA:91,61
LF:32
LH:24
BRDA:50,0,0,0
BRDA:50,0,1,2
BRDA:72,1,0,0
BRDA:72,1,1,0
BRF:4
BRH:1
end_of_record
TN:
SF:src/pages/CartPage/index.tsx
FN:7,CartPage
FN:29,(anonymous_1)
FNF:2
FNH:2
FNDA:3,CartPage
FNDA:8,(anonymous_1)
DA:9,3
DA:10,3
DA:12,3
DA:30,8
LF:4
LH:4
BRF:0
BRH:0
end_of_record
TN:
SF:src/pages/Home/Home.tsx
FN:4,Home
FNF:1
FNH:1
FNDA:3,Home
DA:6,3
LF:1
LH:1
BRF:0
BRH:0
end_of_record
TN:
SF:src/pages/ProductPage/index.tsx
FN:19,ProductPage
FN:26,(anonymous_1)
FN:28,(anonymous_2)
FN:29,(anonymous_3)
FN:35,handleaddProduct
FNF:5
FNH:3
FNDA:1,ProductPage
FNDA:1,(anonymous_1)
FNDA:0,(anonymous_2)
FNDA:0,(anonymous_3)
FNDA:1,handleaddProduct
DA:20,1
DA:21,1
DA:22,1
DA:23,1
DA:24,1
DA:26,1
DA:27,1
DA:28,0
DA:30,0
DA:36,1
DA:39,1
DA:40,0
DA:44,1
LF:13
LH:10
BRDA:39,0,0,0
BRDA:39,0,1,1
BRF:2
BRH:1
end_of_record
TN:
SF:src/services/api/api.ts
FNF:0
FNH:0
DA:3,3
LF:1
LH:1
BRF:0
BRH:0
end_of_record
